PRT1
43
86
4 0 1 (2240 -3724 384 ) (2240 -3724 256 ) (2368 -3724 256 ) (2368 -3724 384 ) 
4 1 2 (2240 -3732 384 ) (2240 -3732 256 ) (2368 -3732 256 ) (2368 -3732 384 ) 
4 2 3 (2368 -3840 384 ) (2240 -3840 384 ) (2240 -3840 256 ) (2368 -3840 256 ) 
4 3 20 (2620 -4096 -80 ) (2176 -4096 -80 ) (2176 -4096 -128 ) (2668 -4096 -128 ) 
4 3 18 (2688 -4096 -128 ) (2688 -4096 -80 ) (2620 -4096 -80 ) (2668 -4096 -128 ) 
4 3 9 (2688 -4096 -80 ) (2688 -4096 384 ) (2176 -4096 384 ) (2176 -4096 -80 ) 
4 3 7 (2688 -4096 384 ) (2688 -4096 1024 ) (2176 -4096 1024 ) (2176 -4096 384 ) 
3 3 6 (2368 -3904 -128 ) (2368 -4096 -128 ) (2240 -4096 -128 ) 
3 3 4 (2624 -4096 -128 ) (2496 -4096 -128 ) (2496 -3904 -128 ) 
4 3 5 (2368 -3840 -128 ) (2496 -3840 -128 ) (2496 -4096 -128 ) (2368 -4096 -128 ) 
4 4 22 (2624 -4096 -128 ) (2496 -4096 -128 ) (2496 -4096 -182.399994 ) (2569.599854 -4096 -182.399994 ) 
4 4 5 (2496 -3904 -189.599533 ) (2496 -4096 -182.399521 ) (2496 -4096 -128 ) (2496 -3904 -128 ) 
4 5 22 (2496 -4096 -128 ) (2368 -4096 -128 ) (2368 -4096 -182.399994 ) (2496 -4096 -182.399994 ) 
4 5 6 (2368 -4096 -128 ) (2368 -3904 -128 ) (2368 -3904 -189.600021 ) (2368 -4096 -182.399994 ) 
4 6 22 (2368 -4096 -182.399994 ) (2368 -4096 -128 ) (2240 -4096 -128 ) (2294.399902 -4096 -182.399994 ) 
4 7 21 (2688 -5120 384 ) (2176 -5120 384 ) (2176 -4736 384 ) (2688 -4736 384 ) 
4 7 17 (2176 -4736 384 ) (2176 -4628 384 ) (2688 -4628 384 ) (2688 -4736 384 ) 
4 7 14 (2176 -4628 384 ) (2176 -4560 384 ) (2688 -4560 384 ) (2688 -4628 384 ) 
4 7 9 (2176 -4560 384 ) (2176 -4096 384 ) (2688 -4096 384 ) (2688 -4560 384 ) 
4 7 8 (2176 -4096 384 ) (2176 -4736 384 ) (2176 -4736 896 ) (2176 -4096 896 ) 
4 8 33 (2048 -4736 896 ) (2048 -4096 896 ) (2048 -4096 384 ) (2048 -4736 384 ) 
4 8 15 (2172 -4560 384 ) (2176 -4560 384 ) (2176 -4628 384 ) (2172 -4628 384 ) 
4 8 12 (2172 -4204 384 ) (2176 -4204 384 ) (2176 -4268 384 ) (2172 -4272 384 ) 
3 8 11 (2176 -4268 384 ) (2176 -4272 384 ) (2172 -4272 384 ) 
4 8 10 (2048 -4560 384 ) (2048 -4272 384 ) (2176 -4272 384 ) (2176 -4560 384 ) 
3 9 20 (2176 -4540 364 ) (2176 -4096 -80 ) (2620 -4096 -80 ) 
5 9 18 (2688 -4096 -80 ) (2688 -4544 368 ) (2176 -4544 368 ) (2176 -4540 364 ) (2620 -4096 -80 ) 
4 9 14 (2688 -4544 368 ) (2688 -4560 384 ) (2176 -4560 384 ) (2176 -4544 368 ) 
4 9 13 (2176 -4540.004883 364 ) (2176 -4544.004883 368 ) (2176 -4284 368 ) (2176 -4288 364 ) 
4 9 12 (2176 -4268 384 ) (2176 -4204 384 ) (2176 -4204 380 ) (2176 -4272 380 ) 
4 9 11 (2176 -4272 384 ) (2176 -4268 384 ) (2176 -4284 368 ) (2176 -4288 368 ) 
4 9 10 (2176 -4544.004883 368 ) (2176 -4560.004883 384 ) (2176 -4272 384 ) (2176 -4288 368 ) 
4 10 34 (2048 -4560 384 ) (2048 -4272 384 ) (2048 -4288 368 ) (2048 -4544 368 ) 
4 10 16 (2172 -4560 384 ) (2172 -4544 368 ) (2176 -4544 368 ) (2176 -4556 380 ) 
3 10 15 (2176 -4560 384 ) (2172 -4560 384 ) (2176 -4556 380 ) 
4 10 13 (2176 -4288 368 ) (2176 -4544 368 ) (2172 -4544 368 ) (2172 -4288 368 ) 
4 10 11 (2176 -4288 368 ) (2172 -4288 368 ) (2172 -4272 384 ) (2176 -4272 384 ) 
3 11 13 (2176 -4284 368 ) (2176 -4288 368 ) (2172 -4288 368 ) 
3 11 12 (2172 -4272 384 ) (2176 -4268 384 ) (2176 -4272 380 ) 
3 13 18 (2176 -4540 364 ) (2176 -4544 368 ) (2172 -4544 368 ) 
3 14 19 (2256.017334 -4628 368 ) (2176 -4628 368 ) (2176 -4547.982910 368 ) 
5 14 18 (2176 -4543.998047 368 ) (2688 -4543.998047 368 ) (2688 -4628 368 ) (2256.017334 -4628 368 ) (2176 -4547.982910 368 ) 
4 14 17 (2176 -4628 368 ) (2688 -4628 368 ) (2688 -4628 384 ) (2176 -4628 384 ) 
4 14 16 (2176 -4544.003906 368 ) (2176 -4548 368 ) (2176 -4560 380 ) (2176 -4556.002930 380 ) 
4 14 15 (2176 -4628 380 ) (2176 -4628 384 ) (2176 -4560.002930 384 ) (2176 -4556.002930 380 ) 
3 15 16 (2176 -4556 380 ) (2176 -4560 380 ) (2172 -4560 384 ) 
3 16 18 (2171.998047 -4543.998047 368 ) (2176 -4543.998047 368 ) (2176 -4548 368 ) 
4 17 21 (2688 -4736 368 ) (2688 -4736 384 ) (2176 -4736 384 ) (2176 -4736 368 ) 
4 17 19 (2364.017090 -4736 368 ) (2176 -4736 368 ) (2176 -4628 368 ) (2256.017334 -4628 368 ) 
4 17 18 (2688 -4628 368 ) (2688 -4736 368 ) (2364.017090 -4736 368 ) (2256.017334 -4628 368 ) 
3 18 21 (2688 -4736 44.017212 ) (2688 -4736 368 ) (2364.017090 -4736 368 ) 
5 18 20 (2176 -4540.001953 363.998199 ) (2620.001953 -4096 -80.003906 ) (2667.998047 -4096 -128 ) (2667.998047 -4543.980957 -128 ) (2176 -4543.980957 363.998199 ) 
6 18 19 (2176 -4543.988281 364 ) (2668 -4543.988281 -128 ) (2688 -4563.988281 -128 ) (2688 -4736 44.011765 ) (2364.011719 -4736 368 ) (2176 -4547.988281 368 ) 
6 19 21 (2668 -4736 -128 ) (2688 -4736 -128 ) (2688 -4736 44.017212 ) (2364.017090 -4736 368 ) (2176 -4736 368 ) (2176 -4736 364 ) 
4 19 20 (2176 -4543.980957 363.998199 ) (2667.998047 -4543.980957 -128 ) (2667.998047 -4736 -128 ) (2176 -4736 363.998291 ) 
4 20 22 (2240 -4096 -128 ) (2624 -4096 -128 ) (2624 -4736 -128 ) (2240 -4736 -128 ) 
3 20 21 (2176 -4736 -128 ) (2668 -4736 -128 ) (2176 -4736 364 ) 
4 21 23 (2240 -5120 -128 ) (2624 -5120 -128 ) (2608 -5120 -112 ) (2256 -5120 -112 ) 
4 21 22 (2624 -5120 -128 ) (2240 -5120 -128 ) (2240 -4736 -128 ) (2624 -4736 -128 ) 
4 22 23 (2608 -5120 -144 ) (2624 -5120 -128 ) (2240 -5120 -128 ) (2256 -5120 -144 ) 
4 24 28 (-448 -3776 384 ) (-576 -3776 384 ) (-576 -3776 256 ) (-448 -3776 256 ) 
4 25 27 (-256 -3792 256 ) (-256 -4080 256 ) (-256 -4080 496 ) (-256 -3792 496 ) 
4 25 26 (-256 -3776 256 ) (-256 -3792 256 ) (-256 -3792 512 ) (-256 -3776 512 ) 
4 25 29 (-256 -4080 256 ) (0 -4080 256 ) (0 -4080 512 ) (-256 -4080 512 ) 
4 26 27 (-272 -3792 496 ) (-272 -3792 256 ) (-256 -3792 256 ) (-256 -3792 496 ) 
4 26 28 (-272 -3776 256 ) (-272 -3792 256 ) (-272 -3792 512 ) (-272 -3776 512 ) 
4 27 29 (-272 -4080 256 ) (-256 -4080 256 ) (-256 -4080 496 ) (-272 -4080 496 ) 
4 27 28 (-272 -3792 256 ) (-272 -4080 256 ) (-272 -4080 496 ) (-272 -3792 496 ) 
4 28 32 (-640 -3820 256 ) (-640 -4052 256 ) (-640 -4052 436 ) (-640 -3820 436 ) 
4 28 30 (-608 -3840 256 ) (-352 -3840 256 ) (-352 -3968 256 ) (-608 -3968 256 ) 
4 28 29 (-640 -4080 256 ) (-272 -4080 256 ) (-272 -4080 512 ) (-640 -4080 512 ) 
4 29 37 (0 -4096 384 ) (0 -4096 512 ) (-256 -4096 512 ) (-256 -4096 384 ) 
4 30 31 (-608 -3844 252 ) (-352 -3844 252 ) (-352 -3964 252 ) (-608 -3964 252 ) 
4 33 35 (1024 -4096 896 ) (1024 -4096 384 ) (1024 -4736 384 ) (1024 -4736 896 ) 
4 33 34 (1024 -4560 384 ) (1024 -4272 384 ) (2048 -4272 384 ) (2048 -4560 384 ) 
4 34 36 (1024 -4288 368 ) (1024 -4544 368 ) (1024 -4560 384 ) (1024 -4272 384 ) 
4 35 37 (0 -4096 896 ) (0 -4096 384 ) (0 -4736 384 ) (0 -4736 896 ) 
4 35 36 (0 -4560 384 ) (0 -4272 384 ) (1024 -4272 384 ) (1024 -4560 384 ) 
4 36 38 (0 -4288 368 ) (0 -4544 368 ) (0 -4560 384 ) (0 -4272 384 ) 
4 37 41 (-256 -4560 384 ) (-256 -4272 384 ) (-192 -4272 384 ) (-192 -4560 384 ) 
4 37 40 (-128 -4272 384 ) (-128 -4560 384 ) (-192 -4560 384 ) (-192 -4272 384 ) 
4 37 39 (-128 -4160 384 ) (-128 -4224 384 ) (-192 -4224 384 ) (-192 -4160 384 ) 
4 37 38 (0 -4272 384 ) (0 -4560 384 ) (-128 -4560 384 ) (-128 -4272 384 ) 
4 38 40 (-128 -4560 384 ) (-128 -4272 384 ) (-128 -4288 368 ) (-128 -4544 368 ) 
4 40 41 (-192 -4560 384 ) (-192 -4272 384 ) (-192 -4288 368 ) (-192 -4544 368 ) 
4 41 42 (-256 -4560 384 ) (-256 -4272 384 ) (-256 -4288 368 ) (-256 -4544 368 ) 
